e:\valleycocos\stardew4.0\valley\proj.win32\debug.win32\appdelegate.obj
e:\valleycocos\stardew4.0\valley\proj.win32\debug.win32\helloworldscene.obj
e:\valleycocos\stardew4.0\valley\proj.win32\debug.win32\main.obj
e:\valleycocos\stardew4.0\valley\proj.win32\debug.win32\vc143.pdb
e:\valleycocos\stardew4.0\valley\proj.win32\valley.cab
e:\valleycocos\stardew4.0\valley\proj.win32\debug.win32\valley.exe
e:\valleycocos\stardew4.0\valley\proj.win32\debug.win32\valley.pdb
e:\valleycocos\stardew4.0\valley\proj.win32\debug.win32\game.res
e:\valleycocos\stardew4.0\valley\proj.win32\debug.win32\valley.lib
e:\valleycocos\stardew4.0\valley\proj.win32\debug.win32\valley.exp
e:\valleycocos\stardew4.0\valley\proj.win32\debug.win32\valley.ilk
e:\valleycocos\stardew4.0\valley\proj.win32\debug.win32\libcocos2d.exp
e:\valleycocos\stardew4.0\valley\proj.win32\debug.win32\libspine.idb
e:\valleycocos\stardew4.0\valley\proj.win32\debug.win32\vc143.idb
e:\valleycocos\stardew4.0\valley\proj.win32\debug.win32\libcocos2d.pdb
e:\valleycocos\stardew4.0\valley\proj.win32\debug.win32\librecast.pdb
e:\valleycocos\stardew4.0\valley\proj.win32\debug.win32\libspine.pdb
e:\valleycocos\stardew4.0\valley\proj.win32\debug.win32\valley.tlog\cl.27948.write.1.tlog
e:\valleycocos\stardew4.0\valley\proj.win32\debug.win32\valley.tlog\cl.command.1.tlog
e:\valleycocos\stardew4.0\valley\proj.win32\debug.win32\valley.tlog\cl.items.tlog
e:\valleycocos\stardew4.0\valley\proj.win32\debug.win32\valley.tlog\cl.read.1.tlog
e:\valleycocos\stardew4.0\valley\proj.win32\debug.win32\valley.tlog\custombuildstep.read.1u.tlog
e:\valleycocos\stardew4.0\valley\proj.win32\debug.win32\valley.tlog\custombuildstep.write.1u.tlog
e:\valleycocos\stardew4.0\valley\proj.win32\debug.win32\valley.tlog\link.command.1.tlog
e:\valleycocos\stardew4.0\valley\proj.win32\debug.win32\valley.tlog\link.read.1.tlog
e:\valleycocos\stardew4.0\valley\proj.win32\debug.win32\valley.tlog\link.secondary.1.tlog
e:\valleycocos\stardew4.0\valley\proj.win32\debug.win32\valley.tlog\link.write.1.tlog
e:\valleycocos\stardew4.0\valley\proj.win32\debug.win32\valley.tlog\rc.command.1.tlog
e:\valleycocos\stardew4.0\valley\proj.win32\debug.win32\valley.tlog\rc.read.1.tlog
e:\valleycocos\stardew4.0\valley\proj.win32\debug.win32\valley.tlog\rc.write.1.tlog
